<?xml version="1.0" encoding="UTF-8"?>
<!-- Generated by org.testng.reporters.JUnitReportReporter -->
<testsuite skipped="0" hostname="LAPTOP-T6OJV50P" name="online_tusur.unit_online_tusur.TestNGFactoryDataProvider" tests="3" failures="0" timestamp="2022-02-10T11:29:19 MSK" time="0.013" errors="0">
  <testcase name="testAverAge" time="0.004" classname="online_tusur.unit_online_tusur.TestNGFactoryDataProvider"/>
  <system-out/>
  <testcase name="testAverAge" time="0.007" classname="online_tusur.unit_online_tusur.TestNGFactoryDataProvider"/>
  <system-out/>
  <testcase name="testAverAge" time="0.002" classname="online_tusur.unit_online_tusur.TestNGFactoryDataProvider"/>
  <system-out/>
</testsuite> <!-- online_tusur.unit_online_tusur.TestNGFactoryDataProvider -->
