<?xml version="1.0" encoding="UTF-8"?>
<!-- Generated by org.testng.reporters.JUnitReportReporter -->
<testsuite skipped="15" hostname="nk601-FF63" name="Testng" tests="18" failures="0" timestamp="08 мая 2019 09:16:44 GMT" time="0.011" errors="0">
  <testcase name="testsSalary" time="0.002" classname="Testng"/>
  <testcase name="testsSalary" time="0.002" classname="Testng"/>
  <testcase name="testsSalary" time="0.007" classname="Testng"/>
  <testcase name="testEmptyCollection" classname="Testng">
    <skipped/>
  </testcase> <!-- testEmptyCollection -->
  <testcase name="testEmptyCollection" classname="Testng">
    <skipped/>
  </testcase> <!-- testEmptyCollection -->
  <testcase name="testEmptyCollection" classname="Testng">
    <skipped/>
  </testcase> <!-- testEmptyCollection -->
  <testcase name="testOneItemCollection" classname="Testng">
    <skipped/>
  </testcase> <!-- testOneItemCollection -->
  <testcase name="testOneItemCollection" classname="Testng">
    <skipped/>
  </testcase> <!-- testOneItemCollection -->
  <testcase name="testOneItemCollection" classname="Testng">
    <skipped/>
  </testcase> <!-- testOneItemCollection -->
  <testcase name="testsName" classname="Testng">
    <skipped/>
  </testcase> <!-- testsName -->
  <testcase name="testsName" classname="Testng">
    <skipped/>
  </testcase> <!-- testsName -->
  <testcase name="testsName" classname="Testng">
    <skipped/>
  </testcase> <!-- testsName -->
  <testcase name="testSalaryWithValidSalary" classname="Testng">
    <skipped/>
  </testcase> <!-- testSalaryWithValidSalary -->
  <testcase name="testSalaryWithValidSalary" classname="Testng">
    <skipped/>
  </testcase> <!-- testSalaryWithValidSalary -->
  <testcase name="testSalaryWithValidSalary" classname="Testng">
    <skipped/>
  </testcase> <!-- testSalaryWithValidSalary -->
  <testcase name="testItemCollection" classname="Testng">
    <skipped/>
  </testcase> <!-- testItemCollection -->
  <testcase name="testItemCollection" classname="Testng">
    <skipped/>
  </testcase> <!-- testItemCollection -->
  <testcase name="testItemCollection" classname="Testng">
    <skipped/>
  </testcase> <!-- testItemCollection -->
</testsuite> <!-- Testng -->
