<?xml version="1.0" encoding="UTF-8"?>
<!-- Generated by org.testng.reporters.JUnitReportReporter -->
<testsuite skipped="0" hostname="LAPTOP-T6OJV50P" name="online_tusur.unit_online_tusur.NewTestMethod" tests="2" failures="0" timestamp="2022-02-09T16:22:42 MSK" time="0.009" errors="0">
  <testcase name="SimpleTest" time="0.008" classname="online_tusur.unit_online_tusur.NewTestMethod"/>
  <system-out/>
  <testcase name="SimpleTest" time="0.001" classname="online_tusur.unit_online_tusur.NewTestMethod"/>
  <system-out/>
</testsuite> <!-- online_tusur.unit_online_tusur.NewTestMethod -->
