<?xml version="1.0" encoding="UTF-8"?>
<!-- Generated by org.testng.reporters.JUnitReportReporter -->
<testsuite skipped="0" hostname="LAPTOP-T6OJV50P" name="online_tusur.unit_online_tusur.NewTestNGParam" tests="4" failures="0" timestamp="2022-02-05T19:08:22 MSK" time="0.013" errors="0">
  <testcase name="params" time="0.010" classname="online_tusur.unit_online_tusur.NewTestNGParam"/>
  <system-out/>
  <testcase name="testAverAge" time="0.001" classname="online_tusur.unit_online_tusur.NewTestNGParam"/>
  <system-out/>
  <testcase name="testAverAge" time="0.001" classname="online_tusur.unit_online_tusur.NewTestNGParam"/>
  <system-out/>
  <testcase name="testAverAge" time="0.001" classname="online_tusur.unit_online_tusur.NewTestNGParam"/>
  <system-out/>
</testsuite> <!-- online_tusur.unit_online_tusur.NewTestNGParam -->
