<?xml version="1.0" encoding="UTF-8"?>
<!-- Generated by org.testng.reporters.JUnitReportReporter -->
<testsuite skipped="0" hostname="WIN-C34E0DRUA7F" name="NewTest" tests="12" failures="0" timestamp="2020-05-11T20:27:06 NOVT" time="0.042" errors="0">
  <testcase name="Dannie2" time="0.003" classname="NewTest"/>
  <testcase name="Test1" time="0.002" classname="NewTest"/>
  <testcase name="Dannie2" time="0.002" classname="NewTest"/>
  <testcase name="Dannie2" time="0.003" classname="NewTest"/>
  <testcase name="Dannie2" time="0.004" classname="NewTest"/>
  <testcase name="Dannie2" time="0.002" classname="NewTest"/>
  <testcase name="Dannie" time="0.012" classname="NewTest"/>
  <testcase name="Dannie2" time="0.002" classname="NewTest"/>
  <testcase name="Dannie" time="0.004" classname="NewTest"/>
  <testcase name="Test2" time="0.002" classname="NewTest"/>
  <testcase name="Dannie2" time="0.003" classname="NewTest"/>
  <testcase name="Dannie2" time="0.003" classname="NewTest"/>
</testsuite> <!-- NewTest -->
