<?xml version="1.0" encoding="UTF-8"?>
<!-- Generated by org.testng.reporters.JUnitReportReporter -->
<testsuite skipped="0" hostname="WIN-C34E0DRUA7F" name="online_tusur.unit_online_tusur.NewTest_F$TestFactory" tests="4" failures="0" timestamp="2020-02-07T15:13:32 NOVT" time="0.009" errors="0">
  <testcase name="testPow" time="0.006" classname="online_tusur.unit_online_tusur.NewTest_F$TestFactory"/>
  <testcase name="testPow" time="0.001" classname="online_tusur.unit_online_tusur.NewTest_F$TestFactory"/>
  <testcase name="testPow" time="0.001" classname="online_tusur.unit_online_tusur.NewTest_F$TestFactory"/>
  <testcase name="testPow" time="0.001" classname="online_tusur.unit_online_tusur.NewTest_F$TestFactory"/>
</testsuite> <!-- online_tusur.unit_online_tusur.NewTest_F$TestFactory -->
