<?xml version="1.0" encoding="UTF-8"?>
<!-- Generated by org.testng.reporters.JUnitReportReporter -->
<testsuite skipped="15" hostname="nk601-FF63" name="TestFactory" tests="18" failures="0" timestamp="08 мая 2019 08:50:02 GMT" time="0.013" errors="0">
  <testcase name="testsSalary" time="0.009" classname="TestFactory"/>
  <testcase name="testsSalary" time="0.002" classname="TestFactory"/>
  <testcase name="testsSalary" time="0.002" classname="TestFactory"/>
  <testcase name="testEmptyCollection" classname="TestFactory">
    <skipped/>
  </testcase> <!-- testEmptyCollection -->
  <testcase name="testEmptyCollection" classname="TestFactory">
    <skipped/>
  </testcase> <!-- testEmptyCollection -->
  <testcase name="testEmptyCollection" classname="TestFactory">
    <skipped/>
  </testcase> <!-- testEmptyCollection -->
  <testcase name="testOneItemCollection" classname="TestFactory">
    <skipped/>
  </testcase> <!-- testOneItemCollection -->
  <testcase name="testOneItemCollection" classname="TestFactory">
    <skipped/>
  </testcase> <!-- testOneItemCollection -->
  <testcase name="testOneItemCollection" classname="TestFactory">
    <skipped/>
  </testcase> <!-- testOneItemCollection -->
  <testcase name="testsName" classname="TestFactory">
    <skipped/>
  </testcase> <!-- testsName -->
  <testcase name="testsName" classname="TestFactory">
    <skipped/>
  </testcase> <!-- testsName -->
  <testcase name="testsName" classname="TestFactory">
    <skipped/>
  </testcase> <!-- testsName -->
  <testcase name="testSalaryWithValidSalary" classname="TestFactory">
    <skipped/>
  </testcase> <!-- testSalaryWithValidSalary -->
  <testcase name="testSalaryWithValidSalary" classname="TestFactory">
    <skipped/>
  </testcase> <!-- testSalaryWithValidSalary -->
  <testcase name="testSalaryWithValidSalary" classname="TestFactory">
    <skipped/>
  </testcase> <!-- testSalaryWithValidSalary -->
  <testcase name="testItemCollection" classname="TestFactory">
    <skipped/>
  </testcase> <!-- testItemCollection -->
  <testcase name="testItemCollection" classname="TestFactory">
    <skipped/>
  </testcase> <!-- testItemCollection -->
  <testcase name="testItemCollection" classname="TestFactory">
    <skipped/>
  </testcase> <!-- testItemCollection -->
</testsuite> <!-- TestFactory -->
